2017-02-14 17:58:27 Error: [Cake\Routing\Exception\MissingControllerException] Controller class Libs could not be found.
Exception Attributes: array (
  'class' => 'Libs',
  'plugin' => false,
  'prefix' => false,
  '_ext' => false,
)
Request URL: /libs/vendor/bootstrap/css/bootstrap.min.css.map
Stack Trace:
#0 C:\Wamp\www\daily\vendor\cakephp\cakephp\src\Http\ControllerFactory.php(72): Cake\Http\ControllerFactory->missingController(Object(Cake\Network\Request))
#1 C:\Wamp\www\daily\vendor\cakephp\cakephp\src\Routing\Filter\ControllerFactoryFilter.php(63): Cake\Http\ControllerFactory->create(Object(Cake\Network\Request), Object(Cake\Network\Response))
#2 C:\Wamp\www\daily\vendor\cakephp\cakephp\src\Routing\Filter\ControllerFactoryFilter.php(49): Cake\Routing\Filter\ControllerFactoryFilter->_getController(Object(Cake\Network\Request), Object(Cake\Network\Response))
#3 C:\Wamp\www\daily\vendor\cakephp\cakephp\src\Routing\DispatcherFilter.php(144): Cake\Routing\Filter\ControllerFactoryFilter->beforeDispatch(Object(Cake\Event\Event))
#4 C:\Wamp\www\daily\vendor\cakephp\cakephp\src\Event\EventManager.php(426): Cake\Routing\DispatcherFilter->handle(Object(Cake\Event\Event), Object(Cake\Network\Request), Object(Cake\Network\Response))
#5 C:\Wamp\www\daily\vendor\cakephp\cakephp\src\Event\EventManager.php(391): Cake\Event\EventManager->_callListener(Array, Object(Cake\Event\Event))
#6 C:\Wamp\www\daily\vendor\cakephp\cakephp\src\Event\EventDispatcherTrait.php(78): Cake\Event\EventManager->dispatch(Object(Cake\Event\Event))
#7 C:\Wamp\www\daily\vendor\cakephp\cakephp\src\Http\ActionDispatcher.php(80): Cake\Http\ActionDispatcher->dispatchEvent('Dispatcher.befo...', Array)
#8 C:\Wamp\www\daily\vendor\cakephp\cakephp\src\Http\BaseApplication.php(83): Cake\Http\ActionDispatcher->dispatch(Object(Cake\Network\Request), Object(Cake\Network\Response))
#9 C:\Wamp\www\daily\vendor\cakephp\cakephp\src\Http\Runner.php(65): Cake\Http\BaseApplication->__invoke(Object(Zend\Diactoros\ServerRequest), Object(Zend\Diactoros\Response), Object(Cake\Http\Runner))
#10 C:\Wamp\www\daily\vendor\cakephp\cakephp\src\Routing\Middleware\RoutingMiddleware.php(62): Cake\Http\Runner->__invoke(Object(Zend\Diactoros\ServerRequest), Object(Zend\Diactoros\Response))
#11 C:\Wamp\www\daily\vendor\cakephp\cakephp\src\Http\Runner.php(65): Cake\Routing\Middleware\RoutingMiddleware->__invoke(Object(Zend\Diactoros\ServerRequest), Object(Zend\Diactoros\Response), Object(Cake\Http\Runner))
#12 C:\Wamp\www\daily\vendor\cakephp\cakephp\src\Routing\Middleware\AssetMiddleware.php(93): Cake\Http\Runner->__invoke(Object(Zend\Diactoros\ServerRequest), Object(Zend\Diactoros\Response))
#13 C:\Wamp\www\daily\vendor\cakephp\cakephp\src\Http\Runner.php(65): Cake\Routing\Middleware\AssetMiddleware->__invoke(Object(Zend\Diactoros\ServerRequest), Object(Zend\Diactoros\Response), Object(Cake\Http\Runner))
#14 C:\Wamp\www\daily\vendor\cakephp\cakephp\src\Error\Middleware\ErrorHandlerMiddleware.php(81): Cake\Http\Runner->__invoke(Object(Zend\Diactoros\ServerRequest), Object(Zend\Diactoros\Response))
#15 C:\Wamp\www\daily\vendor\cakephp\cakephp\src\Http\Runner.php(65): Cake\Error\Middleware\ErrorHandlerMiddleware->__invoke(Object(Zend\Diactoros\ServerRequest), Object(Zend\Diactoros\Response), Object(Cake\Http\Runner))
#16 C:\Wamp\www\daily\vendor\cakephp\cakephp\src\Http\Runner.php(51): Cake\Http\Runner->__invoke(Object(Zend\Diactoros\ServerRequest), Object(Zend\Diactoros\Response))
#17 C:\Wamp\www\daily\vendor\cakephp\cakephp\src\Http\Server.php(90): Cake\Http\Runner->run(Object(Cake\Http\MiddlewareQueue), Object(Zend\Diactoros\ServerRequest), Object(Zend\Diactoros\Response))
#18 C:\Wamp\www\daily\webroot\index.php(37): Cake\Http\Server->run()
#19 {main}


2017-02-14 17:59:01 Error: [Cake\Routing\Exception\MissingControllerException] Controller class Libs could not be found.
Exception Attributes: array (
  'class' => 'Libs',
  'plugin' => false,
  'prefix' => false,
  '_ext' => false,
)
Request URL: /libs/vendor/bootstrap/css/bootstrap.min.css.map
Stack Trace:
#0 C:\Wamp\www\daily\vendor\cakephp\cakephp\src\Http\ControllerFactory.php(72): Cake\Http\ControllerFactory->missingController(Object(Cake\Network\Request))
#1 C:\Wamp\www\daily\vendor\cakephp\cakephp\src\Routing\Filter\ControllerFactoryFilter.php(63): Cake\Http\ControllerFactory->create(Object(Cake\Network\Request), Object(Cake\Network\Response))
#2 C:\Wamp\www\daily\vendor\cakephp\cakephp\src\Routing\Filter\ControllerFactoryFilter.php(49): Cake\Routing\Filter\ControllerFactoryFilter->_getController(Object(Cake\Network\Request), Object(Cake\Network\Response))
#3 C:\Wamp\www\daily\vendor\cakephp\cakephp\src\Routing\DispatcherFilter.php(144): Cake\Routing\Filter\ControllerFactoryFilter->beforeDispatch(Object(Cake\Event\Event))
#4 C:\Wamp\www\daily\vendor\cakephp\cakephp\src\Event\EventManager.php(426): Cake\Routing\DispatcherFilter->handle(Object(Cake\Event\Event), Object(Cake\Network\Request), Object(Cake\Network\Response))
#5 C:\Wamp\www\daily\vendor\cakephp\cakephp\src\Event\EventManager.php(391): Cake\Event\EventManager->_callListener(Array, Object(Cake\Event\Event))
#6 C:\Wamp\www\daily\vendor\cakephp\cakephp\src\Event\EventDispatcherTrait.php(78): Cake\Event\EventManager->dispatch(Object(Cake\Event\Event))
#7 C:\Wamp\www\daily\vendor\cakephp\cakephp\src\Http\ActionDispatcher.php(80): Cake\Http\ActionDispatcher->dispatchEvent('Dispatcher.befo...', Array)
#8 C:\Wamp\www\daily\vendor\cakephp\cakephp\src\Http\BaseApplication.php(83): Cake\Http\ActionDispatcher->dispatch(Object(Cake\Network\Request), Object(Cake\Network\Response))
#9 C:\Wamp\www\daily\vendor\cakephp\cakephp\src\Http\Runner.php(65): Cake\Http\BaseApplication->__invoke(Object(Zend\Diactoros\ServerRequest), Object(Zend\Diactoros\Response), Object(Cake\Http\Runner))
#10 C:\Wamp\www\daily\vendor\cakephp\cakephp\src\Routing\Middleware\RoutingMiddleware.php(62): Cake\Http\Runner->__invoke(Object(Zend\Diactoros\ServerRequest), Object(Zend\Diactoros\Response))
#11 C:\Wamp\www\daily\vendor\cakephp\cakephp\src\Http\Runner.php(65): Cake\Routing\Middleware\RoutingMiddleware->__invoke(Object(Zend\Diactoros\ServerRequest), Object(Zend\Diactoros\Response), Object(Cake\Http\Runner))
#12 C:\Wamp\www\daily\vendor\cakephp\cakephp\src\Routing\Middleware\AssetMiddleware.php(93): Cake\Http\Runner->__invoke(Object(Zend\Diactoros\ServerRequest), Object(Zend\Diactoros\Response))
#13 C:\Wamp\www\daily\vendor\cakephp\cakephp\src\Http\Runner.php(65): Cake\Routing\Middleware\AssetMiddleware->__invoke(Object(Zend\Diactoros\ServerRequest), Object(Zend\Diactoros\Response), Object(Cake\Http\Runner))
#14 C:\Wamp\www\daily\vendor\cakephp\cakephp\src\Error\Middleware\ErrorHandlerMiddleware.php(81): Cake\Http\Runner->__invoke(Object(Zend\Diactoros\ServerRequest), Object(Zend\Diactoros\Response))
#15 C:\Wamp\www\daily\vendor\cakephp\cakephp\src\Http\Runner.php(65): Cake\Error\Middleware\ErrorHandlerMiddleware->__invoke(Object(Zend\Diactoros\ServerRequest), Object(Zend\Diactoros\Response), Object(Cake\Http\Runner))
#16 C:\Wamp\www\daily\vendor\cakephp\cakephp\src\Http\Runner.php(51): Cake\Http\Runner->__invoke(Object(Zend\Diactoros\ServerRequest), Object(Zend\Diactoros\Response))
#17 C:\Wamp\www\daily\vendor\cakephp\cakephp\src\Http\Server.php(90): Cake\Http\Runner->run(Object(Cake\Http\MiddlewareQueue), Object(Zend\Diactoros\ServerRequest), Object(Zend\Diactoros\Response))
#18 C:\Wamp\www\daily\webroot\index.php(37): Cake\Http\Server->run()
#19 {main}


2017-02-14 18:01:30 Error: [Cake\Routing\Exception\MissingControllerException] Controller class Libs could not be found.
Exception Attributes: array (
  'class' => 'Libs',
  'plugin' => false,
  'prefix' => false,
  '_ext' => false,
)
Request URL: /libs/vendor/bootstrap/css/bootstrap.min.css.map
Stack Trace:
#0 C:\Wamp\www\daily\vendor\cakephp\cakephp\src\Http\ControllerFactory.php(72): Cake\Http\ControllerFactory->missingController(Object(Cake\Network\Request))
#1 C:\Wamp\www\daily\vendor\cakephp\cakephp\src\Routing\Filter\ControllerFactoryFilter.php(63): Cake\Http\ControllerFactory->create(Object(Cake\Network\Request), Object(Cake\Network\Response))
#2 C:\Wamp\www\daily\vendor\cakephp\cakephp\src\Routing\Filter\ControllerFactoryFilter.php(49): Cake\Routing\Filter\ControllerFactoryFilter->_getController(Object(Cake\Network\Request), Object(Cake\Network\Response))
#3 C:\Wamp\www\daily\vendor\cakephp\cakephp\src\Routing\DispatcherFilter.php(144): Cake\Routing\Filter\ControllerFactoryFilter->beforeDispatch(Object(Cake\Event\Event))
#4 C:\Wamp\www\daily\vendor\cakephp\cakephp\src\Event\EventManager.php(426): Cake\Routing\DispatcherFilter->handle(Object(Cake\Event\Event), Object(Cake\Network\Request), Object(Cake\Network\Response))
#5 C:\Wamp\www\daily\vendor\cakephp\cakephp\src\Event\EventManager.php(391): Cake\Event\EventManager->_callListener(Array, Object(Cake\Event\Event))
#6 C:\Wamp\www\daily\vendor\cakephp\cakephp\src\Event\EventDispatcherTrait.php(78): Cake\Event\EventManager->dispatch(Object(Cake\Event\Event))
#7 C:\Wamp\www\daily\vendor\cakephp\cakephp\src\Http\ActionDispatcher.php(80): Cake\Http\ActionDispatcher->dispatchEvent('Dispatcher.befo...', Array)
#8 C:\Wamp\www\daily\vendor\cakephp\cakephp\src\Http\BaseApplication.php(83): Cake\Http\ActionDispatcher->dispatch(Object(Cake\Network\Request), Object(Cake\Network\Response))
#9 C:\Wamp\www\daily\vendor\cakephp\cakephp\src\Http\Runner.php(65): Cake\Http\BaseApplication->__invoke(Object(Zend\Diactoros\ServerRequest), Object(Zend\Diactoros\Response), Object(Cake\Http\Runner))
#10 C:\Wamp\www\daily\vendor\cakephp\cakephp\src\Routing\Middleware\RoutingMiddleware.php(62): Cake\Http\Runner->__invoke(Object(Zend\Diactoros\ServerRequest), Object(Zend\Diactoros\Response))
#11 C:\Wamp\www\daily\vendor\cakephp\cakephp\src\Http\Runner.php(65): Cake\Routing\Middleware\RoutingMiddleware->__invoke(Object(Zend\Diactoros\ServerRequest), Object(Zend\Diactoros\Response), Object(Cake\Http\Runner))
#12 C:\Wamp\www\daily\vendor\cakephp\cakephp\src\Routing\Middleware\AssetMiddleware.php(93): Cake\Http\Runner->__invoke(Object(Zend\Diactoros\ServerRequest), Object(Zend\Diactoros\Response))
#13 C:\Wamp\www\daily\vendor\cakephp\cakephp\src\Http\Runner.php(65): Cake\Routing\Middleware\AssetMiddleware->__invoke(Object(Zend\Diactoros\ServerRequest), Object(Zend\Diactoros\Response), Object(Cake\Http\Runner))
#14 C:\Wamp\www\daily\vendor\cakephp\cakephp\src\Error\Middleware\ErrorHandlerMiddleware.php(81): Cake\Http\Runner->__invoke(Object(Zend\Diactoros\ServerRequest), Object(Zend\Diactoros\Response))
#15 C:\Wamp\www\daily\vendor\cakephp\cakephp\src\Http\Runner.php(65): Cake\Error\Middleware\ErrorHandlerMiddleware->__invoke(Object(Zend\Diactoros\ServerRequest), Object(Zend\Diactoros\Response), Object(Cake\Http\Runner))
#16 C:\Wamp\www\daily\vendor\cakephp\cakephp\src\Http\Runner.php(51): Cake\Http\Runner->__invoke(Object(Zend\Diactoros\ServerRequest), Object(Zend\Diactoros\Response))
#17 C:\Wamp\www\daily\vendor\cakephp\cakephp\src\Http\Server.php(90): Cake\Http\Runner->run(Object(Cake\Http\MiddlewareQueue), Object(Zend\Diactoros\ServerRequest), Object(Zend\Diactoros\Response))
#18 C:\Wamp\www\daily\webroot\index.php(37): Cake\Http\Server->run()
#19 {main}


2017-02-14 18:03:30 Error: [Cake\Routing\Exception\MissingControllerException] Controller class Libs could not be found.
Exception Attributes: array (
  'class' => 'Libs',
  'plugin' => false,
  'prefix' => false,
  '_ext' => false,
)
Request URL: /libs/vendor/bootstrap/css/bootstrap.min.css.map
Stack Trace:
#0 C:\Wamp\www\daily\vendor\cakephp\cakephp\src\Http\ControllerFactory.php(72): Cake\Http\ControllerFactory->missingController(Object(Cake\Network\Request))
#1 C:\Wamp\www\daily\vendor\cakephp\cakephp\src\Routing\Filter\ControllerFactoryFilter.php(63): Cake\Http\ControllerFactory->create(Object(Cake\Network\Request), Object(Cake\Network\Response))
#2 C:\Wamp\www\daily\vendor\cakephp\cakephp\src\Routing\Filter\ControllerFactoryFilter.php(49): Cake\Routing\Filter\ControllerFactoryFilter->_getController(Object(Cake\Network\Request), Object(Cake\Network\Response))
#3 C:\Wamp\www\daily\vendor\cakephp\cakephp\src\Routing\DispatcherFilter.php(144): Cake\Routing\Filter\ControllerFactoryFilter->beforeDispatch(Object(Cake\Event\Event))
#4 C:\Wamp\www\daily\vendor\cakephp\cakephp\src\Event\EventManager.php(426): Cake\Routing\DispatcherFilter->handle(Object(Cake\Event\Event), Object(Cake\Network\Request), Object(Cake\Network\Response))
#5 C:\Wamp\www\daily\vendor\cakephp\cakephp\src\Event\EventManager.php(391): Cake\Event\EventManager->_callListener(Array, Object(Cake\Event\Event))
#6 C:\Wamp\www\daily\vendor\cakephp\cakephp\src\Event\EventDispatcherTrait.php(78): Cake\Event\EventManager->dispatch(Object(Cake\Event\Event))
#7 C:\Wamp\www\daily\vendor\cakephp\cakephp\src\Http\ActionDispatcher.php(80): Cake\Http\ActionDispatcher->dispatchEvent('Dispatcher.befo...', Array)
#8 C:\Wamp\www\daily\vendor\cakephp\cakephp\src\Http\BaseApplication.php(83): Cake\Http\ActionDispatcher->dispatch(Object(Cake\Network\Request), Object(Cake\Network\Response))
#9 C:\Wamp\www\daily\vendor\cakephp\cakephp\src\Http\Runner.php(65): Cake\Http\BaseApplication->__invoke(Object(Zend\Diactoros\ServerRequest), Object(Zend\Diactoros\Response), Object(Cake\Http\Runner))
#10 C:\Wamp\www\daily\vendor\cakephp\cakephp\src\Routing\Middleware\RoutingMiddleware.php(62): Cake\Http\Runner->__invoke(Object(Zend\Diactoros\ServerRequest), Object(Zend\Diactoros\Response))
#11 C:\Wamp\www\daily\vendor\cakephp\cakephp\src\Http\Runner.php(65): Cake\Routing\Middleware\RoutingMiddleware->__invoke(Object(Zend\Diactoros\ServerRequest), Object(Zend\Diactoros\Response), Object(Cake\Http\Runner))
#12 C:\Wamp\www\daily\vendor\cakephp\cakephp\src\Routing\Middleware\AssetMiddleware.php(93): Cake\Http\Runner->__invoke(Object(Zend\Diactoros\ServerRequest), Object(Zend\Diactoros\Response))
#13 C:\Wamp\www\daily\vendor\cakephp\cakephp\src\Http\Runner.php(65): Cake\Routing\Middleware\AssetMiddleware->__invoke(Object(Zend\Diactoros\ServerRequest), Object(Zend\Diactoros\Response), Object(Cake\Http\Runner))
#14 C:\Wamp\www\daily\vendor\cakephp\cakephp\src\Error\Middleware\ErrorHandlerMiddleware.php(81): Cake\Http\Runner->__invoke(Object(Zend\Diactoros\ServerRequest), Object(Zend\Diactoros\Response))
#15 C:\Wamp\www\daily\vendor\cakephp\cakephp\src\Http\Runner.php(65): Cake\Error\Middleware\ErrorHandlerMiddleware->__invoke(Object(Zend\Diactoros\ServerRequest), Object(Zend\Diactoros\Response), Object(Cake\Http\Runner))
#16 C:\Wamp\www\daily\vendor\cakephp\cakephp\src\Http\Runner.php(51): Cake\Http\Runner->__invoke(Object(Zend\Diactoros\ServerRequest), Object(Zend\Diactoros\Response))
#17 C:\Wamp\www\daily\vendor\cakephp\cakephp\src\Http\Server.php(90): Cake\Http\Runner->run(Object(Cake\Http\MiddlewareQueue), Object(Zend\Diactoros\ServerRequest), Object(Zend\Diactoros\Response))
#18 C:\Wamp\www\daily\webroot\index.php(37): Cake\Http\Server->run()
#19 {main}


